<?xml version="1.0" encoding="UTF-8"?>
<!-- Generated by org.testng.reporters.JUnitXMLReporter -->
<testsuite ignored="14" hostname="DESKTOP-H7ATO7U" failures="1" tests="11" name="Test" time="211.006" errors="0" timestamp="2022-03-23T23:58:57 IST">
  <testcase classname="com.mystore.testcases.LoginPageTest" name="loginTest" time="8.353"/>
  <testcase classname="com.mystore.testcases.LoginPageTest" name="loginTest" time="4.646">
    <failure type="java.lang.AssertionError" message="expected [http://automationpractice.com/index.php?controller=my-account] but found [http://automationpractice.com/index.php?controller=authentication]">
      <![CDATA[java.lang.AssertionError: expected [http://automationpractice.com/index.php?controller=my-account] but found [http://automationpractice.com/index.php?controller=authentication]
at com.mystore.testcases.LoginPageTest.loginTest(LoginPageTest.java:51)
at java.base/java.util.ArrayList.forEach(ArrayList.java:1511)
... Removed 33 stack frames]]>
    </failure>
  </testcase> <!-- loginTest -->
  <testcase classname="com.mystore.testcases.EndToEndTest" name="endToEndTest" time="33.576"/>
  <testcase classname="com.mystore.testcases.IndexPageTest" name="verifyLogo" time="0.121"/>
  <testcase classname="com.mystore.testcases.IndexPageTest" name="verifyTitle" time="0.024"/>
  <testcase classname="com.mystore.testcases.AccountCreationPageTest" name="verifyCreateAccountPage" time="6.455"/>
  <testcase classname="com.mystore.testcases.SearchResultPageTest" name="productAvialabilityTest" time="2.79"/>
  <testcase classname="com.mystore.testcases.HomePageTest" name="wishListTest" time="7.053"/>
  <testcase classname="com.mystore.testcases.HomePageTest" name="orderHistoryDetailsTest" time="9.663"/>
  <testcase classname="com.mystore.testcases.OrderPageTest" name="verifyTotalPrice" time="16.61"/>
  <testcase classname="com.mystore.testcases.AddToCartPageTest" name="addToCartTest" time="9.694"/>
  <testcase classname="com.mystore.base.BaseClass" name="@BeforeTest loadConfig" time="0.0">
    <ignored/>
  </testcase> <!-- @BeforeTest loadConfig -->
  <testcase classname="com.mystore.base.BaseClass" name="@BeforeTest loadConfig" time="0.0">
    <ignored/>
  </testcase> <!-- @BeforeTest loadConfig -->
  <testcase classname="com.mystore.base.BaseClass" name="@BeforeTest loadConfig" time="0.0">
    <ignored/>
  </testcase> <!-- @BeforeTest loadConfig -->
  <testcase classname="com.mystore.base.BaseClass" name="@BeforeTest loadConfig" time="0.0">
    <ignored/>
  </testcase> <!-- @BeforeTest loadConfig -->
  <testcase classname="com.mystore.base.BaseClass" name="@BeforeTest loadConfig" time="0.0">
    <ignored/>
  </testcase> <!-- @BeforeTest loadConfig -->
  <testcase classname="com.mystore.base.BaseClass" name="@BeforeTest loadConfig" time="0.0">
    <ignored/>
  </testcase> <!-- @BeforeTest loadConfig -->
  <testcase classname="com.mystore.base.BaseClass" name="@BeforeTest loadConfig" time="0.0">
    <ignored/>
  </testcase> <!-- @BeforeTest loadConfig -->
  <testcase classname="com.mystore.base.BaseClass" name="@BeforeSuite logSetup" time="0.0">
    <ignored/>
  </testcase> <!-- @BeforeSuite logSetup -->
  <testcase classname="com.mystore.base.BaseClass" name="@BeforeSuite logSetup" time="0.0">
    <ignored/>
  </testcase> <!-- @BeforeSuite logSetup -->
  <testcase classname="com.mystore.base.BaseClass" name="@BeforeSuite logSetup" time="0.0">
    <ignored/>
  </testcase> <!-- @BeforeSuite logSetup -->
  <testcase classname="com.mystore.base.BaseClass" name="@BeforeSuite logSetup" time="0.0">
    <ignored/>
  </testcase> <!-- @BeforeSuite logSetup -->
  <testcase classname="com.mystore.base.BaseClass" name="@BeforeSuite logSetup" time="0.0">
    <ignored/>
  </testcase> <!-- @BeforeSuite logSetup -->
  <testcase classname="com.mystore.base.BaseClass" name="@BeforeSuite logSetup" time="0.0">
    <ignored/>
  </testcase> <!-- @BeforeSuite logSetup -->
  <testcase classname="com.mystore.base.BaseClass" name="@BeforeSuite logSetup" time="0.0">
    <ignored/>
  </testcase> <!-- @BeforeSuite logSetup -->
</testsuite> <!-- Test -->
