<?xml version="1.0" encoding="UTF-8"?>
<testng-results ignored="0" total="1" passed="1" failed="0" skipped="0">
  <reporter-output>
  </reporter-output>
  <suite started-at="2022-03-14T00:45:34 IST" name="Default suite" finished-at="2022-03-14T00:45:50 IST" duration-ms="15383">
    <groups>
    </groups>
    <test started-at="2022-03-14T00:45:34 IST" name="Default test" finished-at="2022-03-14T00:45:50 IST" duration-ms="15383">
      <class name="com.mystore.testcases.LoginPageTest">
        <test-method is-config="true" signature="loadConfig()[pri:0, instance:com.mystore.testcases.LoginPageTest@2a54a73f]" started-at="2022-03-14T00:45:34 IST" name="loadConfig" finished-at="2022-03-14T00:45:43 IST" duration-ms="8941" status="PASS">
          <reporter-output>
          </reporter-output>
        </test-method> <!-- loadConfig -->
        <test-method is-config="true" signature="setup()[pri:0, instance:com.mystore.testcases.LoginPageTest@2a54a73f]" started-at="2022-03-14T00:45:43 IST" name="setup" finished-at="2022-03-14T00:45:43 IST" duration-ms="0" status="PASS">
          <reporter-output>
          </reporter-output>
        </test-method> <!-- setup -->
        <test-method signature="loginTest()[pri:0, instance:com.mystore.testcases.LoginPageTest@2a54a73f]" started-at="2022-03-14T00:45:43 IST" name="loginTest" finished-at="2022-03-14T00:45:49 IST" duration-ms="6074" status="PASS">
          <reporter-output>
          </reporter-output>
        </test-method> <!-- loginTest -->
        <test-method is-config="true" signature="tearDown()[pri:0, instance:com.mystore.testcases.LoginPageTest@2a54a73f]" started-at="2022-03-14T00:45:49 IST" name="tearDown" finished-at="2022-03-14T00:45:50 IST" duration-ms="297" status="PASS">
          <reporter-output>
          </reporter-output>
        </test-method> <!-- tearDown -->
      </class> <!-- com.mystore.testcases.LoginPageTest -->
    </test> <!-- Default test -->
  </suite> <!-- Default suite -->
</testng-results>
