<?xml version="1.0" encoding="UTF-8"?>
<testng-results ignored="0" total="1" passed="1" failed="0" skipped="0">
  <reporter-output>
  </reporter-output>
  <suite started-at="2022-03-17T00:52:41 IST" name="Default suite" finished-at="2022-03-17T00:53:26 IST" duration-ms="44537">
    <groups>
    </groups>
    <test started-at="2022-03-17T00:52:41 IST" name="Default test" finished-at="2022-03-17T00:53:26 IST" duration-ms="44537">
      <class name="com.mystore.testcases.OrderPageTest">
        <test-method is-config="true" signature="loadConfig()[pri:0, instance:com.mystore.testcases.OrderPageTest@16a0ee18]" started-at="2022-03-17T00:52:41 IST" name="loadConfig" finished-at="2022-03-17T00:52:41 IST" duration-ms="10" status="PASS">
          <reporter-output>
          </reporter-output>
        </test-method> <!-- loadConfig -->
        <test-method is-config="true" signature="setup()[pri:0, instance:com.mystore.testcases.OrderPageTest@16a0ee18]" started-at="2022-03-17T00:52:42 IST" name="setup" finished-at="2022-03-17T00:52:51 IST" duration-ms="9309" status="PASS">
          <reporter-output>
          </reporter-output>
        </test-method> <!-- setup -->
        <test-method signature="verifyTotalPrice()[pri:0, instance:com.mystore.testcases.OrderPageTest@16a0ee18]" started-at="2022-03-17T00:52:51 IST" name="verifyTotalPrice" finished-at="2022-03-17T00:53:26 IST" duration-ms="34687" status="PASS">
          <reporter-output>
          </reporter-output>
        </test-method> <!-- verifyTotalPrice -->
        <test-method is-config="true" signature="tearDown()[pri:0, instance:com.mystore.testcases.OrderPageTest@16a0ee18]" started-at="2022-03-17T00:53:26 IST" name="tearDown" finished-at="2022-03-17T00:53:26 IST" duration-ms="482" status="PASS">
          <reporter-output>
          </reporter-output>
        </test-method> <!-- tearDown -->
      </class> <!-- com.mystore.testcases.OrderPageTest -->
    </test> <!-- Default test -->
  </suite> <!-- Default suite -->
</testng-results>
